[2026-02-21T01:41:02.299083+00:00] app_logs.INFO: agente1@bng.com - Login com sucesso [] []
[2026-02-21T01:41:05.820211+00:00] app_logs.INFO: - fez logout [] []
[2026-02-21T01:42:38.612071+00:00] app_logs.INFO:  - fez logout [] []
[2026-02-21T01:43:42.472240+00:00] app_logs.INFO: admin@bng.com - Login com sucesso [] []
[2026-02-21T01:43:51.874315+00:00] app_logs.INFO:  - fez logout [] []
[2026-02-21T01:44:23.226384+00:00] app_logs.INFO: admin@bng.com - login invalido [] []
[2026-02-21T01:44:59.204479+00:00] app_logs.INFO: admin@bng.com - Login com sucesso [] []
[2026-02-21T01:45:18.039016+00:00] app_logs.INFO:  - fez logout [] []
[2026-02-21T02:04:05.774680+00:00] app_logs.INFO:  - fez logout [] []
[2026-02-21T02:04:07.237676+00:00] app_logs.INFO:  - fez logout [] []
[2026-02-21T02:04:23.362595+00:00] app_logs.INFO:  - fez logout [] []
[2026-02-21T02:04:24.574007+00:00] app_logs.INFO:  - fez logout [] []
[2026-02-21T02:06:17.277233+00:00] app_logs.INFO:  - fez logout [] []
[2026-02-21T02:06:18.362756+00:00] app_logs.INFO:  - fez logout [] []
[2026-02-21T02:06:19.848586+00:00] app_logs.INFO:  - fez logout [] []
[2026-02-21T02:10:25.891628+00:00] app_logs.INFO:  - fez logout [] []
[2026-02-21T02:11:47.746527+00:00] app_logs.INFO: admin@bng.com - Login com sucesso [] []
[2026-02-21T02:13:12.636610+00:00] app_logs.INFO: admin@bng.com - Login com sucesso [] []
[2026-02-21T02:17:39.102563+00:00] app_logs.INFO: admin@bng.com - Login com sucesso [] []
[2026-02-21T02:18:23.213761+00:00] app_logs.INFO: Usuário desconhecido - fez logout [] []
[2026-02-21T02:18:24.248883+00:00] app_logs.INFO: Usuário desconhecido - fez logout [] []
[2026-02-21T02:18:46.205499+00:00] app_logs.INFO: admin@bng.com - Login com sucesso [] []
[2026-02-21T02:18:51.126948+00:00] app_logs.INFO: Usuário desconhecido - fez logout [] []
[2026-02-21T02:20:20.214183+00:00] app_logs.INFO: admin@bng.com - Login com sucesso [] []
[2026-02-21T02:23:48.625500+00:00] app_logs.INFO: admin@bng.com - Login com sucesso [] []
[2026-02-21T02:26:41.231284+00:00] app_logs.ERROR: admin@bng.com - login invalido [] []
[2026-02-21T02:26:55.641695+00:00] app_logs.INFO: agente1@bng.com - Login com sucesso [] []
[2026-02-21T02:27:13.717460+00:00] app_logs.INFO: admin@bng.com - Login com sucesso [] []
[2026-02-21T02:32:11.437698+00:00] app_logs.INFO: admin@bng.com - Login com sucesso [] []
[2026-02-21T02:32:14.563988+00:00] app_logs.INFO: Desconhecido - fez logout [] []
[2026-02-21T02:36:23.937263+00:00] app_logs.INFO: admin@bng.com - Login com sucesso [] []
[2026-02-21T02:37:08.892277+00:00] app_logs.INFO: admin@bng.com - Login com sucesso [] []
[2026-02-21T02:37:47.179905+00:00] app_logs.INFO: admin@bng.com - Login com sucesso [] []
[2026-02-21T02:37:47.180203+00:00] app_logs.INFO:  - fez logout [] []
[2026-02-21T02:40:08.773837+00:00] app_logs.INFO: admin@bng.com - Login com sucesso [] []
[2026-02-21T02:41:15.962639+00:00] app_logs.INFO: admin@bng.com - Login com sucesso [] []
[2026-02-21T02:43:41.107426+00:00] app_logs.INFO: agente1@bng.com - Login com sucesso [] []
[2026-02-21T02:44:25.499712+00:00] app_logs.INFO: admin@bng.com - Login com sucesso [] []
[2026-02-21T02:46:42.772038+00:00] app_logs.INFO: admin@bng.com - Login com sucesso [] []
[2026-02-21T02:46:48.823879+00:00] app_logs.INFO:  - fez logout [] []
[2026-02-21T02:48:30.439479+00:00] app_logs.INFO:  - fez logout [] []
[2026-02-21T02:51:07.644549+00:00] app_logs.INFO:  - fez logout [] []
[2026-02-21T02:51:08.813953+00:00] app_logs.INFO:  - fez logout [] []
[2026-02-21T02:51:09.285230+00:00] app_logs.INFO:  - fez logout [] []
[2026-02-21T02:51:22.667863+00:00] app_logs.INFO: admin@bng.com - Login com sucesso [] []
[2026-02-21T02:51:28.474785+00:00] app_logs.INFO:  - fez logout [] []
[2026-02-21T02:52:10.936833+00:00] app_logs.INFO: Um usuário tentou deslogar, mas a sessão já estava vazia. [] []
[2026-02-21T02:54:42.968775+00:00] app_logs.INFO: admin@bng.com - Login com sucesso [] []
[2026-02-21T22:24:44.725024+00:00] app_logs.INFO: admin@bng.com - Login com sucesso [] []
[2026-02-21T22:29:14.683908+00:00] app_logs.INFO: admin@bng.com - Login com sucesso [] []
[2026-02-21T22:31:59.165217+00:00] app_logs.INFO: admin@bng.com - login com sucesso [] []
[2026-02-21T22:47:40.485580+00:00] app_logs.INFO: admin@bng.com - Login com sucesso [] []
[2026-02-21T22:55:12.548058+00:00] app_logs.INFO: admin@bng.com - Login com sucesso [] []
[2026-02-22T20:29:27.619791+00:00] app_logs.INFO: admin@bng.com - Login com sucesso [] []
[2026-02-22T20:29:31.102899+00:00] app_logs.INFO: admin@bng.com - Fez logout [] []
[2026-02-22T21:11:59.573003+00:00] app_logs.INFO: admin@bng.com - Login com sucesso [] []
[2026-02-22T21:12:03.878939+00:00] app_logs.INFO: admin@bng.com - Fez logout [] []
[2026-02-22T21:16:31.743763+00:00] app_logs.INFO: agente1@bng.com - Login com sucesso [] []
[2026-02-22T23:14:03.264728+00:00] app_logs.INFO: agente1@bng.com - Fez logout [] []
[2026-02-22T23:14:11.850721+00:00] app_logs.INFO: agente2@bng.com - Login com sucesso [] []
[2026-02-22T23:14:22.830389+00:00] app_logs.INFO: agente2@bng.com - Fez logout [] []
[2026-02-22T23:14:29.962692+00:00] app_logs.INFO: agente1@bng.com - Login com sucesso [] []
[2026-02-22T23:35:40.624636+00:00] app_logs.INFO: agente1@bng.com - adicionou novo cliente: Rui martins | rui@sdadsad.com [] []
[2026-02-23T00:39:46.440989+00:00] app_logs.INFO: agente1@bng.com - atualizou dados do cliente ID: 2 [] []
[2026-02-23T00:39:58.950204+00:00] app_logs.INFO: agente1@bng.com - atualizou dados do cliente ID: 2 [] []
[2026-02-23T00:55:21.781262+00:00] app_logs.INFO:  - Eliminado o cliente id: 7 [] []
[2026-02-23T01:02:03.172672+00:00] app_logs.INFO: agente1@bng.com - Fez logout [] []
[2026-02-23T01:02:13.300330+00:00] app_logs.ERROR: agente1@bng.com - login invalido [] []
[2026-02-23T01:02:20.349549+00:00] app_logs.INFO: agente1@bng.com - Login com sucesso [] []
[2026-02-23T01:10:33.271087+00:00] app_logs.INFO: agente1@bng.com - Fez logout [] []
[2026-02-23T01:11:26.280870+00:00] app_logs.INFO: agente1@bng.com - Login com sucesso [] []
[2026-02-23T22:35:13.940129+00:00] app_logs.INFO: agente1@bng.com - Login com sucesso [] []
[2026-02-23T23:10:52.096303+00:00] app_logs.INFO: agente1@bng.com - Login com sucesso [] []
[2026-02-23T23:42:11.035087+00:00] app_logs.INFO: agente1@bng.com - carregamento de ficheiro efetuado: dados_clientes_1.csv [] []
[2026-02-23T23:42:11.035690+00:00] app_logs.INFO: agente1@bng.com - report: {"total":4,"total_carregados":0,"total_nao_carregados":4} [] []
[2026-02-23T23:43:00.768085+00:00] app_logs.INFO:  - Eliminado o cliente id: 9 [] []
[2026-02-23T23:43:12.722606+00:00] app_logs.INFO:  - Eliminado o cliente id: 11 [] []
[2026-02-23T23:44:52.930642+00:00] app_logs.INFO: agente1@bng.com - Eliminado o cliente id: 10 [] []
[2026-02-23T23:45:18.052416+00:00] app_logs.INFO: agente1@bng.com - Eliminado o cliente id: 8 [] []
[2026-02-23T23:46:38.572875+00:00] app_logs.ERROR: agente1@bng.com - tentou carregar um ficheiro com header incorreto: dados_clientes_1_header_invalido.csv [] []
[2026-02-23T23:47:12.126098+00:00] app_logs.INFO: agente1@bng.com - carregamento de ficheiro efetuado: dados_clientes_1.csv [] []
[2026-02-23T23:47:12.126352+00:00] app_logs.INFO: agente1@bng.com - report: {"total":4,"total_carregados":4,"total_nao_carregados":0} [] []
[2026-02-24T00:03:25.392716+00:00] app_logs.INFO: agente1@bng.com - fez download da lista de clientes para o ficheiro: output_1771891405.xlsx | total: 8 registos. [] []
[2026-02-24T00:26:52.816366+00:00] app_logs.INFO: agente1@bng.com - password alterada com sucesso no perfil de utilizador. [] []
[2026-02-24T00:27:06.889787+00:00] app_logs.INFO: agente1@bng.com - Fez logout [] []
[2026-02-24T00:27:12.070259+00:00] app_logs.ERROR: agente1@bng.com - login invalido [] []
[2026-02-24T00:27:19.510497+00:00] app_logs.INFO: agente1@bng.com - Login com sucesso [] []
[2026-02-24T00:27:33.272640+00:00] app_logs.INFO: agente1@bng.com - password alterada com sucesso no perfil de utilizador. [] []
[2026-02-24T00:32:58.012452+00:00] app_logs.INFO: agente1@bng.com - Fez logout [] []
[2026-02-24T00:33:02.541207+00:00] app_logs.INFO: admin@bng.com - Login com sucesso [] []
[2026-02-24T01:11:24.100001+00:00] app_logs.INFO: admin@bng.com - fez download da lista de clientes para o ficheiro: output_1771895484.xlsx | total: 10 registos. [] []
[2026-02-24T01:18:47.780728+00:00] app_logs.INFO: admin@bng.com - fez download da lista de clientes para o ficheiro: output_1771895927.xlsx | total: 10 registos. [] []
[2026-02-24T01:20:54.750244+00:00] app_logs.INFO: admin@bng.com - fez download da lista de clientes para o ficheiro: output_1771896054.xlsx | total: 10 registos. [] []
[2026-02-24T02:40:44.403324+00:00] app_logs.INFO:  - visualizou o PDF com o report estatístico. [] []
[2026-02-24T02:40:58.476817+00:00] app_logs.INFO: admin@bng.com - Login com sucesso [] []
[2026-02-24T02:41:02.089416+00:00] app_logs.INFO: admin@bng.com - visualizou o PDF com o report estatístico. [] []
[2026-02-24T02:50:32.940582+00:00] app_logs.INFO: admin@bng.com - visualizou o PDF com o report estatístico. [] []
[2026-02-24T19:35:16.228128+00:00] app_logs.INFO: admin@bng.com - Login com sucesso [] []
[2026-02-24T20:56:53.375044+00:00] app_logs.ERROR: admin@bng.com - não foi possível enviar o email para conclusão do registo: agente4@bng.com - erro: Could not instantiate mail function. [] []
[2026-02-24T21:09:20.118481+00:00] app_logs.ERROR: admin@bng.com - não foi possível enviar o email para conclusão do registo: agente5@bng.com - erro: Could not instantiate mail function. [] []
[2026-02-24T21:09:56.060933+00:00] app_logs.ERROR: admin@bng.com - não foi possível enviar o email para conclusão do registo: agente6@bng.com - erro: SMTP Error: Could not connect to SMTP host. Failed to connect to server SMTP server error: Failed to connect to server [] []
[2026-02-24T21:13:05.102121+00:00] app_logs.ERROR: admin@bng.com - não foi possível enviar o email para conclusão do registo: agente7@bng.com - erro: SMTP Error: Could not connect to SMTP host. Failed to connect to server SMTP server error: Failed to connect to server [] []
[2026-02-24T21:14:38.591646+00:00] app_logs.ERROR: admin@bng.com - não foi possível enviar o email para conclusão do registo: agente8@bng.com - erro: SMTP Error: Could not connect to SMTP host. Failed to connect to server SMTP server error: Failed to connect to server [] []
[2026-02-24T21:15:33.695197+00:00] app_logs.ERROR: admin@bng.com - não foi possível enviar o email para conclusão do registo: agente9@bng.com - erro: SMTP Error: Could not connect to SMTP host. Failed to connect to server SMTP server error: Failed to connect to server [] []
[2026-02-24T21:18:49.703921+00:00] app_logs.INFO: admin@bng.com - enviado com sucesso email para conclusão do registo: agente10@bng.com [] []
[2026-02-24T21:28:11.886910+00:00] app_logs.INFO: admin@bng.com - enviado com sucesso email para conclusão do registo: agente11@bng.com [] []
[2026-02-24T21:30:28.287541+00:00] app_logs.INFO: admin@bng.com - enviado com sucesso email para conclusão do registo: agente12@bng.com [] []
[2026-02-24T22:13:53.577748+00:00] app_logs.INFO: admin@bng.com - Fez logout [] []
[2026-02-24T22:29:38.928726+00:00] app_logs.INFO: Foi definida com sucesso a password para o agente ID = 12 (purl: CgDhcIfBbCadEBcIeEDj) [] []
[2026-02-25T14:51:53.548420+00:00] app_logs.INFO: admin@bng.com - Login com sucesso [] []
[2026-02-25T14:59:45.728580+00:00] app_logs.INFO: admin@bng.com - Fez logout [] []
[2026-02-25T14:59:50.688180+00:00] app_logs.INFO: agente1@bng.com - Login com sucesso [] []
[2026-02-25T15:00:10.246992+00:00] app_logs.INFO: agente1@bng.com - Fez logout [] []
[2026-02-25T15:00:14.831751+00:00] app_logs.INFO: admin@bng.com - Login com sucesso [] []
[2026-02-25T15:04:49.161422+00:00] app_logs.INFO: admin@bng.com - Fez logout [] []
[2026-02-25T15:06:39.533082+00:00] app_logs.ERROR: agente1@bng.com - login invalido [] []
[2026-02-25T15:08:20.870938+00:00] app_logs.ERROR: admin@bng.com - login invalido [] []
[2026-02-25T15:08:26.111420+00:00] app_logs.ERROR: admin@bng.com - login invalido [] []
[2026-02-25T15:08:32.594784+00:00] app_logs.ERROR: admin@bng.com - login invalido [] []
[2026-02-25T15:08:48.848087+00:00] app_logs.ERROR: admin@bng.com - login invalido [] []
[2026-02-25T15:08:57.938150+00:00] app_logs.ERROR: agente2@bng.com - login invalido [] []
[2026-02-25T15:11:06.330562+00:00] app_logs.ERROR: admin@bng.com - login invalido [] []
[2026-02-25T15:11:14.002078+00:00] app_logs.ERROR: admin@bng.com - login invalido [] []
[2026-02-25T15:11:35.307174+00:00] app_logs.INFO: admin@bng.com - Login com sucesso [] []
[2026-02-25T15:11:43.039285+00:00] app_logs.INFO: admin@bng.com - Fez logout [] []
[2026-02-25T15:11:53.863546+00:00] app_logs.ERROR: admin@bng.com - login invalido [] []
[2026-02-25T15:13:41.981480+00:00] app_logs.INFO: admin@bng.com - Login com sucesso [] []
[2026-02-25T15:13:46.548572+00:00] app_logs.INFO: admin@bng.com - Fez logout [] []
[2026-02-25T15:14:22.502407+00:00] app_logs.ERROR: agente1@bng.com - login invalido [] []
[2026-02-25T15:14:28.638713+00:00] app_logs.INFO: admin@bng.com - Login com sucesso [] []
[2026-02-25T15:47:23.410588+00:00] app_logs.INFO: admin@bng.com - editado com sucesso os dados do agente ID: 3 - agente2@bng.com [] []
[2026-02-25T15:49:31.148770+00:00] app_logs.INFO: admin@bng.com - editado com sucesso os dados do agente ID: 3 - agente2alterado@bng.com [] []
[2026-02-25T15:49:41.139759+00:00] app_logs.INFO: admin@bng.com - editado com sucesso os dados do agente ID: 3 - agente2@bng.com [] []
